  collider_manager.cpp
  level.cpp
  resource_manager.cpp
  코드를 생성하고 있습니다...
     D:\OpenglFramework\x64\Debug\OpenglFramework.lib 라이브러리 및 D:\OpenglFramework\x64\Debug\OpenglFramework.exp 개체를 생성하고 있습니다.
LINK : warning LNK4098: 'MSVCRT' defaultlib가 다른 라이브러리와 충돌합니다. /NODEFAULTLIB:library를 사용하십시오.
freetype.lib(autofit.obj) : warning LNK4099: 'freetype.pdb' PDB를 'freetype.lib(autofit.obj)' 또는 'D:\OpenglFramework\x64\Debug\freetype.pdb'에서 찾을 수 없습니다. 디버그 정보가 없는 것처럼 개체를 링크합니다.
freetype.lib(ftbase.obj) : warning LNK4099: 'freetype.pdb' PDB를 'freetype.lib(ftbase.obj)' 또는 'D:\OpenglFramework\x64\Debug\freetype.pdb'에서 찾을 수 없습니다. 디버그 정보가 없는 것처럼 개체를 링크합니다.
freetype.lib(ftbitmap.obj) : warning LNK4099: 'freetype.pdb' PDB를 'freetype.lib(ftbitmap.obj)' 또는 'D:\OpenglFramework\x64\Debug\freetype.pdb'에서 찾을 수 없습니다. 디버그 정보가 없는 것처럼 개체를 링크합니다.
freetype.lib(ftinit.obj) : warning LNK4099: 'freetype.pdb' PDB를 'freetype.lib(ftinit.obj)' 또는 'D:\OpenglFramework\x64\Debug\freetype.pdb'에서 찾을 수 없습니다. 디버그 정보가 없는 것처럼 개체를 링크합니다.
freetype.lib(ftsystem.obj) : warning LNK4099: 'freetype.pdb' PDB를 'freetype.lib(ftsystem.obj)' 또는 'D:\OpenglFramework\x64\Debug\freetype.pdb'에서 찾을 수 없습니다. 디버그 정보가 없는 것처럼 개체를 링크합니다.
freetype.lib(bdf.obj) : warning LNK4099: 'freetype.pdb' PDB를 'freetype.lib(bdf.obj)' 또는 'D:\OpenglFramework\x64\Debug\freetype.pdb'에서 찾을 수 없습니다. 디버그 정보가 없는 것처럼 개체를 링크합니다.
freetype.lib(cff.obj) : warning LNK4099: 'freetype.pdb' PDB를 'freetype.lib(cff.obj)' 또는 'D:\OpenglFramework\x64\Debug\freetype.pdb'에서 찾을 수 없습니다. 디버그 정보가 없는 것처럼 개체를 링크합니다.
freetype.lib(type1cid.obj) : warning LNK4099: 'freetype.pdb' PDB를 'freetype.lib(type1cid.obj)' 또는 'D:\OpenglFramework\x64\Debug\freetype.pdb'에서 찾을 수 없습니다. 디버그 정보가 없는 것처럼 개체를 링크합니다.
freetype.lib(ftgzip.obj) : warning LNK4099: 'freetype.pdb' PDB를 'freetype.lib(ftgzip.obj)' 또는 'D:\OpenglFramework\x64\Debug\freetype.pdb'에서 찾을 수 없습니다. 디버그 정보가 없는 것처럼 개체를 링크합니다.
freetype.lib(ftlzw.obj) : warning LNK4099: 'freetype.pdb' PDB를 'freetype.lib(ftlzw.obj)' 또는 'D:\OpenglFramework\x64\Debug\freetype.pdb'에서 찾을 수 없습니다. 디버그 정보가 없는 것처럼 개체를 링크합니다.
freetype.lib(pcf.obj) : warning LNK4099: 'freetype.pdb' PDB를 'freetype.lib(pcf.obj)' 또는 'D:\OpenglFramework\x64\Debug\freetype.pdb'에서 찾을 수 없습니다. 디버그 정보가 없는 것처럼 개체를 링크합니다.
freetype.lib(pfr.obj) : warning LNK4099: 'freetype.pdb' PDB를 'freetype.lib(pfr.obj)' 또는 'D:\OpenglFramework\x64\Debug\freetype.pdb'에서 찾을 수 없습니다. 디버그 정보가 없는 것처럼 개체를 링크합니다.
freetype.lib(psaux.obj) : warning LNK4099: 'freetype.pdb' PDB를 'freetype.lib(psaux.obj)' 또는 'D:\OpenglFramework\x64\Debug\freetype.pdb'에서 찾을 수 없습니다. 디버그 정보가 없는 것처럼 개체를 링크합니다.
freetype.lib(pshinter.obj) : warning LNK4099: 'freetype.pdb' PDB를 'freetype.lib(pshinter.obj)' 또는 'D:\OpenglFramework\x64\Debug\freetype.pdb'에서 찾을 수 없습니다. 디버그 정보가 없는 것처럼 개체를 링크합니다.
freetype.lib(psmodule.obj) : warning LNK4099: 'freetype.pdb' PDB를 'freetype.lib(psmodule.obj)' 또는 'D:\OpenglFramework\x64\Debug\freetype.pdb'에서 찾을 수 없습니다. 디버그 정보가 없는 것처럼 개체를 링크합니다.
freetype.lib(raster.obj) : warning LNK4099: 'freetype.pdb' PDB를 'freetype.lib(raster.obj)' 또는 'D:\OpenglFramework\x64\Debug\freetype.pdb'에서 찾을 수 없습니다. 디버그 정보가 없는 것처럼 개체를 링크합니다.
freetype.lib(sfnt.obj) : warning LNK4099: 'freetype.pdb' PDB를 'freetype.lib(sfnt.obj)' 또는 'D:\OpenglFramework\x64\Debug\freetype.pdb'에서 찾을 수 없습니다. 디버그 정보가 없는 것처럼 개체를 링크합니다.
freetype.lib(smooth.obj) : warning LNK4099: 'freetype.pdb' PDB를 'freetype.lib(smooth.obj)' 또는 'D:\OpenglFramework\x64\Debug\freetype.pdb'에서 찾을 수 없습니다. 디버그 정보가 없는 것처럼 개체를 링크합니다.
freetype.lib(truetype.obj) : warning LNK4099: 'freetype.pdb' PDB를 'freetype.lib(truetype.obj)' 또는 'D:\OpenglFramework\x64\Debug\freetype.pdb'에서 찾을 수 없습니다. 디버그 정보가 없는 것처럼 개체를 링크합니다.
freetype.lib(type1.obj) : warning LNK4099: 'freetype.pdb' PDB를 'freetype.lib(type1.obj)' 또는 'D:\OpenglFramework\x64\Debug\freetype.pdb'에서 찾을 수 없습니다. 디버그 정보가 없는 것처럼 개체를 링크합니다.
freetype.lib(type42.obj) : warning LNK4099: 'freetype.pdb' PDB를 'freetype.lib(type42.obj)' 또는 'D:\OpenglFramework\x64\Debug\freetype.pdb'에서 찾을 수 없습니다. 디버그 정보가 없는 것처럼 개체를 링크합니다.
freetype.lib(winfnt.obj) : warning LNK4099: 'freetype.pdb' PDB를 'freetype.lib(winfnt.obj)' 또는 'D:\OpenglFramework\x64\Debug\freetype.pdb'에서 찾을 수 없습니다. 디버그 정보가 없는 것처럼 개체를 링크합니다.
freetype.lib(ftdebug.obj) : warning LNK4099: 'freetype.pdb' PDB를 'freetype.lib(ftdebug.obj)' 또는 'D:\OpenglFramework\x64\Debug\freetype.pdb'에서 찾을 수 없습니다. 디버그 정보가 없는 것처럼 개체를 링크합니다.
  OpenglFramework.vcxproj -> D:\OpenglFramework\x64\Debug\OpenglFramework.exe
